#0 building with "default" instance using docker driver

#1 [idmgmt_backend internal] load build definition from Dockerfile
#1 transferring dockerfile: 525B done
#1 DONE 0.0s

#2 [idmgmt_backend internal] load metadata for docker.io/library/node:20-alpine
#2 DONE 0.0s

#3 [idmgmt_backend internal] load .dockerignore
#3 transferring context: 2B done
#3 DONE 0.0s

#4 [idmgmt_backend 1/7] FROM docker.io/library/node:20-alpine
#4 DONE 0.0s

#5 [idmgmt_backend internal] load build context
#5 transferring context: 1.07kB 0.1s done
#5 DONE 0.1s

#6 [idmgmt_backend 6/7] COPY src/ ./src/
#6 CACHED

#7 [idmgmt_backend 2/7] WORKDIR /app
#7 CACHED

#8 [idmgmt_backend 3/7] RUN apk add --no-cache python3 make g++ vips-dev
#8 CACHED

#9 [idmgmt_backend 4/7] COPY package*.json ./
#9 CACHED

#10 [idmgmt_backend 5/7] RUN npm install --only=production
#10 CACHED

#11 [idmgmt_backend 7/7] RUN mkdir -p uploads/{photos,logos,documents,attachments,temp} logs
#11 CACHED

#12 [idmgmt_backend] exporting to image
#12 exporting layers done
#12 writing image sha256:e47ad1f75fdf2ae24667cf148cba1f53c8a9011314ba32c328be1ce2749eb4c4 done
#12 naming to docker.io/library/id_mgmt-idmgmt_backend done
#12 DONE 0.0s

#13 [idmgmt_backend] resolving provenance for metadata file
#13 DONE 0.0s

#14 [idmgmt_frontend internal] load build definition from Dockerfile
#14 transferring dockerfile: 1.70kB done
#14 WARN: SecretsUsedInArgOrEnv: Do not use ARG or ENV instructions for sensitive data (ARG "FIREBASE_API_KEY") (line 11)
#14 WARN: SecretsUsedInArgOrEnv: Do not use ARG or ENV instructions for sensitive data (ARG "FIREBASE_AUTH_DOMAIN") (line 15)
#14 DONE 0.0s

#15 [idmgmt_frontend internal] load metadata for ghcr.io/cirruslabs/flutter:3.24.0
#15 DONE 0.0s

#16 [idmgmt_frontend internal] load metadata for docker.io/library/nginx:1.25-alpine
#16 DONE 0.0s

#17 [idmgmt_frontend internal] load .dockerignore
#17 transferring context: 69B done
#17 DONE 0.0s

#18 [idmgmt_frontend stage-1 1/3] FROM docker.io/library/nginx:1.25-alpine
#18 DONE 0.0s

#19 [idmgmt_frontend builder 1/7] FROM ghcr.io/cirruslabs/flutter:3.24.0
#19 DONE 0.0s

#20 [idmgmt_frontend internal] load build context
#20 transferring context: 3.16kB 0.0s done
#20 DONE 0.0s

#21 [idmgmt_frontend builder 2/7] WORKDIR /app
#21 CACHED

#22 [idmgmt_frontend builder 3/7] COPY pubspec.yaml pubspec.lock* ./
#22 CACHED

#23 [idmgmt_frontend builder 4/7] RUN flutter pub get
#23 CACHED

#24 [idmgmt_frontend builder 5/7] COPY . .
#24 DONE 0.1s

#25 [idmgmt_frontend builder 6/7] RUN mkdir -p assets/images assets/animations assets/icons
#25 DONE 0.2s

#26 [idmgmt_frontend builder 7/7] RUN flutter build web     --release     --base-href /idmgmt/     --dart-define=FIREBASE_API_KEY=AIzaSyBHoW7QsbTX1TPIgKBpFY_IMTBk9IpDhI8     --dart-define=FIREBASE_APP_ID=1:862025569003:web:c695fa11db05fb115564ae     --dart-define=FIREBASE_MESSAGING_ID=862025569003     --dart-define=FIREBASE_PROJECT_ID=idmgmt-865aa     --dart-define=FIREBASE_AUTH_DOMAIN=idmgmt-865aa.firebaseapp.com     --dart-define=FIREBASE_STORAGE_BUCKET=idmgmt-865aa.firebasestorage.app     --dart-define=GOOGLE_WEB_CLIENT_ID=621726457864-llt7jq1nlce4nkllu8voe65s30s1gnaq.apps.googleusercontent.com     --web-renderer canvaskit
#26 0.192    Woah! You appear to be trying to run flutter as root.
#26 0.192    We strongly recommend running the flutter tool without superuser privileges.
#26 0.192   /
#26 0.192 📎
#26 0.487 Downloading Web SDK...                                              8.8s
#26 12.46 
#26 12.75 Compiling lib/main.dart for the Web...                          
#26 12.93 Warning: In index.html:158: Local variable for "serviceWorkerVersion" is deprecated. Use "{{flutter_service_worker_version}}" template token instead. See https://docs.flutter.dev/platform-integration/web/initialization for more details.
#26 120.0 Expected to find fonts for (MaterialIcons, packages/cupertino_icons/CupertinoIcons), but found (MaterialIcons). This usually means you are referring to font families in an IconData class but not including them in the assets section of your pubspec.yaml, are missing the package that would include them, or are missing "uses-material-design: true".
#26 120.0 Font asset "MaterialIcons-Regular.otf" was tree-shaken, reducing it from 1645184 to 29732 bytes (98.2% reduction). Tree-shaking can be disabled by providing the --no-tree-shake-icons flag when building your app.
#26 120.7 Compiling lib/main.dart for the Web...                            108.0s
#26 120.7 ✓ Built build/web
#26 DONE 120.8s

#18 [idmgmt_frontend stage-1 1/3] FROM docker.io/library/nginx:1.25-alpine
#18 CACHED

#27 [idmgmt_frontend stage-1 2/3] COPY --from=builder /app/build/web /usr/share/nginx/html/idmgmt
#27 DONE 0.2s

#28 [idmgmt_frontend stage-1 3/3] COPY nginx.conf /etc/nginx/conf.d/default.conf
#28 DONE 0.0s

#29 [idmgmt_frontend] exporting to image
#29 exporting layers 0.1s done
#29 writing image sha256:a4b55ac21493f97c7befe65588160501ad8040ad4f1c0aa5017d5100b7f10d70 done
#29 naming to docker.io/library/id_mgmt-idmgmt_frontend done
#29 DONE 0.1s

#30 [idmgmt_frontend] resolving provenance for metadata file
#30 DONE 0.0s
