#0 building with "default" instance using docker driver

#1 [idmgmt_backend internal] load build definition from Dockerfile
#1 transferring dockerfile: 525B done
#1 DONE 0.0s

#2 [idmgmt_backend internal] load metadata for docker.io/library/node:20-alpine
#2 DONE 0.0s

#3 [idmgmt_backend internal] load .dockerignore
#3 transferring context: 2B done
#3 DONE 0.0s

#4 [idmgmt_backend 1/7] FROM docker.io/library/node:20-alpine
#4 DONE 0.0s

#5 [idmgmt_backend internal] load build context
#5 transferring context: 1.07kB 0.1s done
#5 DONE 0.1s

#6 [idmgmt_backend 5/7] RUN npm install --only=production
#6 CACHED

#7 [idmgmt_backend 3/7] RUN apk add --no-cache python3 make g++ vips-dev
#7 CACHED

#8 [idmgmt_backend 6/7] COPY src/ ./src/
#8 CACHED

#9 [idmgmt_backend 4/7] COPY package*.json ./
#9 CACHED

#10 [idmgmt_backend 2/7] WORKDIR /app
#10 CACHED

#11 [idmgmt_backend 7/7] RUN mkdir -p uploads/{photos,logos,documents,attachments,temp} logs
#11 CACHED

#12 [idmgmt_backend] exporting to image
#12 exporting layers done
#12 writing image sha256:e47ad1f75fdf2ae24667cf148cba1f53c8a9011314ba32c328be1ce2749eb4c4 done
#12 naming to docker.io/library/id_mgmt-idmgmt_backend done
#12 DONE 0.0s

#13 [idmgmt_backend] resolving provenance for metadata file
#13 DONE 0.0s

#14 [idmgmt_frontend internal] load build definition from Dockerfile
#14 transferring dockerfile: 1.70kB done
#14 WARN: SecretsUsedInArgOrEnv: Do not use ARG or ENV instructions for sensitive data (ARG "FIREBASE_API_KEY") (line 11)
#14 WARN: SecretsUsedInArgOrEnv: Do not use ARG or ENV instructions for sensitive data (ARG "FIREBASE_AUTH_DOMAIN") (line 15)
#14 DONE 0.0s

#15 [idmgmt_frontend internal] load metadata for ghcr.io/cirruslabs/flutter:3.24.0
#15 DONE 0.0s

#16 [idmgmt_frontend internal] load metadata for docker.io/library/nginx:1.25-alpine
#16 DONE 0.0s

#17 [idmgmt_frontend internal] load .dockerignore
#17 transferring context: 69B done
#17 DONE 0.0s

#18 [idmgmt_frontend builder 1/7] FROM ghcr.io/cirruslabs/flutter:3.24.0
#18 DONE 0.0s

#19 [idmgmt_frontend stage-1 1/3] FROM docker.io/library/nginx:1.25-alpine
#19 DONE 0.0s

#20 [idmgmt_frontend internal] load build context
#20 transferring context: 10.75kB done
#20 DONE 0.0s

#21 [idmgmt_frontend builder 2/7] WORKDIR /app
#21 CACHED

#22 [idmgmt_frontend builder 3/7] COPY pubspec.yaml pubspec.lock* ./
#22 DONE 0.1s

#23 [idmgmt_frontend builder 4/7] RUN flutter pub get
#23 0.230    Woah! You appear to be trying to run flutter as root.
#23 0.230    We strongly recommend running the flutter tool without superuser privileges.
#23 0.230   /
#23 0.230 📎
#23 1.067 Resolving dependencies...
#23 5.493 Downloading packages...
#23 41.42   _fe_analyzer_shared 72.0.0 (98.0.0 available)
#23 41.42   _flutterfire_internals 1.3.41 (1.3.67 available)
#23 41.42   analyzer 6.7.0 (12.0.0 available)
#23 41.42   analyzer_plugin 0.11.3 (0.14.7 available)
#23 41.42   archive 3.6.1 (4.0.9 available)
#23 41.42   async 2.11.0 (2.13.0 available)
#23 41.42   boolean_selector 2.1.1 (2.1.2 available)
#23 41.42   build 2.4.1 (4.0.4 available)
#23 41.42   build_config 1.1.1 (1.3.0 available)
#23 41.42   build_daemon 4.0.2 (4.1.1 available)
#23 41.42   build_resolvers 2.4.2 (3.0.4 available)
#23 41.42   build_runner 2.4.13 (2.13.0 available)
#23 41.42   build_runner_core 7.3.2 (9.3.2 available)
#23 41.42   cached_network_image 3.4.0 (3.4.1 available)
#23 41.42   cached_network_image_web 1.3.0 (1.3.1 available)
#23 41.42   characters 1.3.0 (1.4.1 available)
#23 41.42   checked_yaml 2.0.3 (2.0.4 available)
#23 41.42   clock 1.1.1 (1.1.2 available)
#23 41.42   code_builder 4.10.1 (4.11.1 available)
#23 41.42   collection 1.18.0 (1.19.1 available)
#23 41.42   connectivity_plus 6.1.5 (7.0.0 available)
#23 41.42   cross_file 0.3.4+2 (0.3.5+2 available)
#23 41.42 + cupertino_icons 1.0.8
#23 41.42   custom_lint_core 0.7.0 (0.8.2 available)
#23 41.42   custom_lint_visitor 1.0.0+6.7.0 (1.0.0+9.0.0 available)
#23 41.42   dart_style 2.3.7 (3.1.8 available)
#23 41.42   data_table_2 2.5.14 (2.7.2 available)
#23 41.42   dotted_border 2.1.0 (3.1.0 available)
#23 41.42   fake_async 1.3.1 (1.3.3 available)
#23 41.42   ffi 2.1.3 (2.2.0 available)
#23 41.42   file_picker 8.0.7 (10.3.10 available)
#23 41.42   file_selector_linux 0.9.3+2 (0.9.4 available)
#23 41.42   file_selector_macos 0.9.4+2 (0.9.5 available)
#23 41.42   file_selector_platform_interface 2.6.2 (2.7.0 available)
#23 41.42   file_selector_windows 0.9.3+4 (0.9.3+5 available)
#23 41.42   firebase_auth 5.2.0 (6.2.0 available)
#23 41.42   firebase_auth_platform_interface 7.4.4 (8.1.7 available)
#23 41.42   firebase_auth_web 5.12.6 (6.1.3 available)
#23 41.42   firebase_core 3.4.0 (4.5.0 available)
#23 41.42   firebase_core_platform_interface 5.4.2 (6.0.2 available)
#23 41.42   firebase_core_web 2.17.5 (3.5.0 available)
#23 41.42   firebase_storage 12.2.0 (13.1.0 available)
#23 41.42   firebase_storage_platform_interface 5.1.28 (5.2.18 available)
#23 41.42   firebase_storage_web 3.9.13 (3.11.3 available)
#23 41.42   fl_chart 0.67.0 (1.2.0 available)
#23 41.42   flutter_form_builder 9.5.0 (10.3.0+2 available)
#23 41.42   flutter_lints 4.0.0 (6.0.0 available)
#23 41.42   flutter_plugin_android_lifecycle 2.0.26 (2.0.33 available)
#23 41.42   flutter_riverpod 2.6.1 (3.3.1 available)
#23 41.42   flutter_secure_storage 9.2.4 (10.0.0 available)
#23 41.42   flutter_secure_storage_linux 1.2.3 (3.0.0 available)
#23 41.42   flutter_secure_storage_macos 3.1.3 (4.0.0 available)
#23 41.42   flutter_secure_storage_platform_interface 1.1.2 (2.0.1 available)
#23 41.42   flutter_secure_storage_web 1.2.1 (2.1.0 available)
#23 41.42   flutter_secure_storage_windows 3.1.2 (4.1.0 available)
#23 41.42   flutter_svg 2.1.0 (2.2.4 available)
#23 41.42   form_builder_validators 10.0.1 (11.3.0 available)
#23 41.42   freezed_annotation 2.4.4 (3.1.0 available)
#23 41.42   go_router 14.8.1 (17.1.0 available)
#23 41.42   google_fonts 6.3.0 (8.0.2 available)
#23 41.42   google_sign_in 6.2.2 (7.2.0 available)
#23 41.42   google_sign_in_android 6.1.35 (7.2.9 available)
#23 41.42   google_sign_in_ios 5.9.0 (6.3.0 available)
#23 41.42   google_sign_in_platform_interface 2.5.0 (3.1.0 available)
#23 41.42   google_sign_in_web 0.12.4+4 (1.1.3 available)
#23 41.42   http_parser 4.0.2 (4.1.2 available)
#23 41.42   image 4.3.0 (4.8.0 available)
#23 41.42   image_picker 1.1.2 (1.2.1 available)
#23 41.42   image_picker_android 0.8.12+21 (0.8.13+14 available)
#23 41.42   image_picker_for_web 3.0.6 (3.1.1 available)
#23 41.42   image_picker_ios 0.8.12+2 (0.8.13+6 available)
#23 41.42   image_picker_linux 0.2.1+2 (0.2.2 available)
#23 41.42   image_picker_macos 0.2.1+2 (0.2.2+1 available)
#23 41.42   image_picker_platform_interface 2.10.1 (2.11.1 available)
#23 41.42   image_picker_windows 0.2.1+1 (0.2.2 available)
#23 41.42   intl 0.19.0 (0.20.2 available)
#23 41.42   js 0.6.7 (0.7.2 available)
#23 41.42   json_annotation 4.9.0 (4.11.0 available)
#23 41.42   json_serializable 6.9.0 (6.13.0 available)
#23 41.42   leak_tracker 10.0.5 (11.0.2 available)
#23 41.42   leak_tracker_flutter_testing 3.0.5 (3.0.10 available)
#23 41.42   leak_tracker_testing 3.0.1 (3.0.2 available)
#23 41.42   lints 4.0.0 (6.1.0 available)
#23 41.42   lottie 3.2.0 (3.3.2 available)
#23 41.42   macros 0.1.2-main.4 (0.1.3-main.0 available)
#23 41.42   matcher 0.12.16+1 (0.12.19 available)
#23 41.42   material_color_utilities 0.11.1 (0.13.0 available)
#23 41.42   meta 1.15.0 (1.18.2 available)
#23 41.42   mime 1.0.6 (2.0.0 available)
#23 41.42   package_info_plus 8.3.1 (9.0.0 available)
#23 41.42   path 1.9.0 (1.9.1 available)
#23 41.42   path_provider_android 2.2.15 (2.2.22 available)
#23 41.42   path_provider_foundation 2.4.1 (2.6.0 available)
#23 41.42   pdf 3.11.3 (3.12.0 available)
#23 41.42   petitparser 6.0.2 (7.0.2 available)
#23 41.42   printing 5.13.1 (5.14.3 available)
#23 41.42   pubspec_parse 1.4.0 (1.5.0 available)
#23 41.42   reactive_forms 17.0.1 (18.2.2 available)
#23 41.42   riverpod 2.6.1 (3.2.1 available)
#23 41.42   riverpod_analyzer_utils 0.5.8 (0.5.10 available)
#23 41.42   riverpod_annotation 2.6.1 (4.0.2 available)
#23 41.42   riverpod_generator 2.6.3 (4.0.3 available)
#23 41.42   share_plus 9.0.0 (12.0.1 available)
#23 41.42   share_plus_platform_interface 4.0.0 (6.1.0 available)
#23 41.42   shared_preferences 2.5.3 (2.5.4 available)
#23 41.42   shared_preferences_android 2.4.7 (2.4.21 available)
#23 41.42   shared_preferences_foundation 2.5.4 (2.5.6 available)
#23 41.42   shelf 1.4.1 (1.4.2 available)
#23 41.42   shelf_web_socket 2.0.1 (3.0.0 available)
#23 41.42   source_gen 1.5.0 (4.2.1 available)
#23 41.42   source_helper 1.3.5 (1.3.10 available)
#23 41.42   source_span 1.10.0 (1.10.2 available)
#23 41.42   sqflite 2.4.1 (2.4.2 available)
#23 41.42   sqflite_android 2.4.0 (2.4.2+3 available)
#23 41.42   sqflite_common 2.5.4+6 (2.5.6 available)
#23 41.42   sqflite_darwin 2.4.1+1 (2.4.2 available)
#23 41.42   stack_trace 1.11.1 (1.12.1 available)
#23 41.42   stream_channel 2.1.2 (2.1.4 available)
#23 41.42   string_scanner 1.2.0 (1.4.1 available)
#23 41.42   synchronized 3.3.0+3 (3.4.0 available)
#23 41.42   term_glyph 1.2.1 (1.2.2 available)
#23 41.42   test_api 0.7.2 (0.7.11 available)
#23 41.42   url_launcher 6.3.1 (6.3.2 available)
#23 41.42   url_launcher_android 6.3.14 (6.3.28 available)
#23 41.42   url_launcher_ios 6.3.3 (6.4.1 available)
#23 41.42   url_launcher_linux 3.2.1 (3.2.2 available)
#23 41.42   url_launcher_macos 3.2.2 (3.2.5 available)
#23 41.42   url_launcher_web 2.3.3 (2.4.2 available)
#23 41.42   url_launcher_windows 3.1.4 (3.1.5 available)
#23 41.42   vector_graphics 1.1.18 (1.1.20 available)
#23 41.42   vector_graphics_compiler 1.1.16 (1.2.0 available)
#23 41.42   vector_math 2.1.4 (2.3.0 available)
#23 41.42   vm_service 14.2.4 (15.0.2 available)
#23 41.42   web 0.5.1 (1.1.1 available)
#23 41.42   win32 5.10.1 (6.0.0 available)
#23 41.42   xml 6.5.0 (6.6.1 available)
#23 41.43 Changed 1 dependency!
#23 41.43 135 packages have newer versions incompatible with dependency constraints.
#23 41.43 Try `flutter pub outdated` for more information.
#23 DONE 45.1s

#24 [idmgmt_frontend builder 5/7] COPY . .
#24 DONE 0.1s

#25 [idmgmt_frontend builder 6/7] RUN mkdir -p assets/images assets/animations assets/icons
#25 DONE 0.3s

#26 [idmgmt_frontend builder 7/7] RUN flutter build web     --release     --base-href /idmgmt/     --dart-define=FIREBASE_API_KEY=AIzaSyBHoW7QsbTX1TPIgKBpFY_IMTBk9IpDhI8     --dart-define=FIREBASE_APP_ID=1:862025569003:web:c695fa11db05fb115564ae     --dart-define=FIREBASE_MESSAGING_ID=862025569003     --dart-define=FIREBASE_PROJECT_ID=idmgmt-865aa     --dart-define=FIREBASE_AUTH_DOMAIN=idmgmt-865aa.firebaseapp.com     --dart-define=FIREBASE_STORAGE_BUCKET=idmgmt-865aa.firebasestorage.app     --dart-define=GOOGLE_WEB_CLIENT_ID=621726457864-llt7jq1nlce4nkllu8voe65s30s1gnaq.apps.googleusercontent.com     --web-renderer canvaskit
#26 0.254    Woah! You appear to be trying to run flutter as root.
#26 0.255    We strongly recommend running the flutter tool without superuser privileges.
#26 0.255   /
#26 0.255 📎
#26 0.588 Downloading Web SDK...                                              8.9s
#26 12.10 Resolving dependencies...
#26 14.15 Downloading packages...
#26 14.37   _fe_analyzer_shared 72.0.0 (98.0.0 available)
#26 14.37   _flutterfire_internals 1.3.41 (1.3.67 available)
#26 14.37   analyzer 6.7.0 (12.0.0 available)
#26 14.37   analyzer_plugin 0.11.3 (0.14.7 available)
#26 14.37   archive 3.6.1 (4.0.9 available)
#26 14.37   async 2.11.0 (2.13.0 available)
#26 14.37   boolean_selector 2.1.1 (2.1.2 available)
#26 14.37   build 2.4.1 (4.0.4 available)
#26 14.37   build_config 1.1.1 (1.3.0 available)
#26 14.37   build_daemon 4.0.2 (4.1.1 available)
#26 14.37   build_resolvers 2.4.2 (3.0.4 available)
#26 14.37   build_runner 2.4.13 (2.13.0 available)
#26 14.37   build_runner_core 7.3.2 (9.3.2 available)
#26 14.37   cached_network_image 3.4.0 (3.4.1 available)
#26 14.37   cached_network_image_web 1.3.0 (1.3.1 available)
#26 14.37   characters 1.3.0 (1.4.1 available)
#26 14.37   checked_yaml 2.0.3 (2.0.4 available)
#26 14.37   clock 1.1.1 (1.1.2 available)
#26 14.37   code_builder 4.10.1 (4.11.1 available)
#26 14.37   collection 1.18.0 (1.19.1 available)
#26 14.37   connectivity_plus 6.1.5 (7.0.0 available)
#26 14.37   cross_file 0.3.4+2 (0.3.5+2 available)
#26 14.37 + cupertino_icons 1.0.8
#26 14.37   custom_lint_core 0.7.0 (0.8.2 available)
#26 14.37   custom_lint_visitor 1.0.0+6.7.0 (1.0.0+9.0.0 available)
#26 14.37   dart_style 2.3.7 (3.1.8 available)
#26 14.37   data_table_2 2.5.14 (2.7.2 available)
#26 14.37   dotted_border 2.1.0 (3.1.0 available)
#26 14.37   fake_async 1.3.1 (1.3.3 available)
#26 14.37   ffi 2.1.3 (2.2.0 available)
#26 14.37   file_picker 8.0.7 (10.3.10 available)
#26 14.37   file_selector_linux 0.9.3+2 (0.9.4 available)
#26 14.37   file_selector_macos 0.9.4+2 (0.9.5 available)
#26 14.37   file_selector_platform_interface 2.6.2 (2.7.0 available)
#26 14.37   file_selector_windows 0.9.3+4 (0.9.3+5 available)
#26 14.37   firebase_auth 5.2.0 (6.2.0 available)
#26 14.37   firebase_auth_platform_interface 7.4.4 (8.1.7 available)
#26 14.37   firebase_auth_web 5.12.6 (6.1.3 available)
#26 14.37   firebase_core 3.4.0 (4.5.0 available)
#26 14.37   firebase_core_platform_interface 5.4.2 (6.0.2 available)
#26 14.37   firebase_core_web 2.17.5 (3.5.0 available)
#26 14.37   firebase_storage 12.2.0 (13.1.0 available)
#26 14.37   firebase_storage_platform_interface 5.1.28 (5.2.18 available)
#26 14.37   firebase_storage_web 3.9.13 (3.11.3 available)
#26 14.37   fl_chart 0.67.0 (1.2.0 available)
#26 14.37   flutter_form_builder 9.5.0 (10.3.0+2 available)
#26 14.37   flutter_lints 4.0.0 (6.0.0 available)
#26 14.37   flutter_plugin_android_lifecycle 2.0.26 (2.0.33 available)
#26 14.37   flutter_riverpod 2.6.1 (3.3.1 available)
#26 14.37   flutter_secure_storage 9.2.4 (10.0.0 available)
#26 14.37   flutter_secure_storage_linux 1.2.3 (3.0.0 available)
#26 14.37   flutter_secure_storage_macos 3.1.3 (4.0.0 available)
#26 14.37   flutter_secure_storage_platform_interface 1.1.2 (2.0.1 available)
#26 14.37   flutter_secure_storage_web 1.2.1 (2.1.0 available)
#26 14.37   flutter_secure_storage_windows 3.1.2 (4.1.0 available)
#26 14.37   flutter_svg 2.1.0 (2.2.4 available)
#26 14.37   form_builder_validators 10.0.1 (11.3.0 available)
#26 14.37   freezed_annotation 2.4.4 (3.1.0 available)
#26 14.37   go_router 14.8.1 (17.1.0 available)
#26 14.37   google_fonts 6.3.0 (8.0.2 available)
#26 14.37   google_sign_in 6.2.2 (7.2.0 available)
#26 14.37   google_sign_in_android 6.1.35 (7.2.9 available)
#26 14.37   google_sign_in_ios 5.9.0 (6.3.0 available)
#26 14.37   google_sign_in_platform_interface 2.5.0 (3.1.0 available)
#26 14.37   google_sign_in_web 0.12.4+4 (1.1.3 available)
#26 14.37   http_parser 4.0.2 (4.1.2 available)
#26 14.37   image 4.3.0 (4.8.0 available)
#26 14.37   image_picker 1.1.2 (1.2.1 available)
#26 14.37   image_picker_android 0.8.12+21 (0.8.13+14 available)
#26 14.37   image_picker_for_web 3.0.6 (3.1.1 available)
#26 14.37   image_picker_ios 0.8.12+2 (0.8.13+6 available)
#26 14.37   image_picker_linux 0.2.1+2 (0.2.2 available)
#26 14.37   image_picker_macos 0.2.1+2 (0.2.2+1 available)
#26 14.37   image_picker_platform_interface 2.10.1 (2.11.1 available)
#26 14.37   image_picker_windows 0.2.1+1 (0.2.2 available)
#26 14.37   intl 0.19.0 (0.20.2 available)
#26 14.37   js 0.6.7 (0.7.2 available)
#26 14.37   json_annotation 4.9.0 (4.11.0 available)
#26 14.37   json_serializable 6.9.0 (6.13.0 available)
#26 14.37   leak_tracker 10.0.5 (11.0.2 available)
#26 14.37   leak_tracker_flutter_testing 3.0.5 (3.0.10 available)
#26 14.37   leak_tracker_testing 3.0.1 (3.0.2 available)
#26 14.37   lints 4.0.0 (6.1.0 available)
#26 14.37   lottie 3.2.0 (3.3.2 available)
#26 14.37   macros 0.1.2-main.4 (0.1.3-main.0 available)
#26 14.37   matcher 0.12.16+1 (0.12.19 available)
#26 14.37   material_color_utilities 0.11.1 (0.13.0 available)
#26 14.38   meta 1.15.0 (1.18.2 available)
#26 14.38   mime 1.0.6 (2.0.0 available)
#26 14.38   package_info_plus 8.3.1 (9.0.0 available)
#26 14.38   path 1.9.0 (1.9.1 available)
#26 14.38   path_provider_android 2.2.15 (2.2.22 available)
#26 14.38   path_provider_foundation 2.4.1 (2.6.0 available)
#26 14.38   pdf 3.11.3 (3.12.0 available)
#26 14.38   petitparser 6.0.2 (7.0.2 available)
#26 14.38   printing 5.13.1 (5.14.3 available)
#26 14.38   pubspec_parse 1.4.0 (1.5.0 available)
#26 14.38   reactive_forms 17.0.1 (18.2.2 available)
#26 14.38   riverpod 2.6.1 (3.2.1 available)
#26 14.38   riverpod_analyzer_utils 0.5.8 (0.5.10 available)
#26 14.38   riverpod_annotation 2.6.1 (4.0.2 available)
#26 14.38   riverpod_generator 2.6.3 (4.0.3 available)
#26 14.38   share_plus 9.0.0 (12.0.1 available)
#26 14.38   share_plus_platform_interface 4.0.0 (6.1.0 available)
#26 14.38   shared_preferences 2.5.3 (2.5.4 available)
#26 14.38   shared_preferences_android 2.4.7 (2.4.21 available)
#26 14.38   shared_preferences_foundation 2.5.4 (2.5.6 available)
#26 14.38   shelf 1.4.1 (1.4.2 available)
#26 14.38   shelf_web_socket 2.0.1 (3.0.0 available)
#26 14.38   source_gen 1.5.0 (4.2.1 available)
#26 14.38   source_helper 1.3.5 (1.3.10 available)
#26 14.38   source_span 1.10.0 (1.10.2 available)
#26 14.38   sqflite 2.4.1 (2.4.2 available)
#26 14.38   sqflite_android 2.4.0 (2.4.2+3 available)
#26 14.38   sqflite_common 2.5.4+6 (2.5.6 available)
#26 14.38   sqflite_darwin 2.4.1+1 (2.4.2 available)
#26 14.38   stack_trace 1.11.1 (1.12.1 available)
#26 14.38   stream_channel 2.1.2 (2.1.4 available)
#26 14.38   string_scanner 1.2.0 (1.4.1 available)
#26 14.38   synchronized 3.3.0+3 (3.4.0 available)
#26 14.38   term_glyph 1.2.1 (1.2.2 available)
#26 14.38   test_api 0.7.2 (0.7.11 available)
#26 14.38   url_launcher 6.3.1 (6.3.2 available)
#26 14.38   url_launcher_android 6.3.14 (6.3.28 available)
#26 14.38   url_launcher_ios 6.3.3 (6.4.1 available)
#26 14.38   url_launcher_linux 3.2.1 (3.2.2 available)
#26 14.38   url_launcher_macos 3.2.2 (3.2.5 available)
#26 14.38   url_launcher_web 2.3.3 (2.4.2 available)
#26 14.38   url_launcher_windows 3.1.4 (3.1.5 available)
#26 14.38   vector_graphics 1.1.18 (1.1.20 available)
#26 14.38   vector_graphics_compiler 1.1.16 (1.2.0 available)
#26 14.38   vector_math 2.1.4 (2.3.0 available)
#26 14.38   vm_service 14.2.4 (15.0.2 available)
#26 14.38   web 0.5.1 (1.1.1 available)
#26 14.38   win32 5.10.1 (6.0.0 available)
#26 14.38   xml 6.5.0 (6.6.1 available)
#26 14.38 Changed 1 dependency!
#26 14.41 135 packages have newer versions incompatible with dependency constraints.
#26 14.41 Try `flutter pub outdated` for more information.
#26 16.17 
#26 16.55 Compiling lib/main.dart for the Web...                          
#26 127.4 Font asset "MaterialIcons-Regular.otf" was tree-shaken, reducing it from 1645184 to 29732 bytes (98.2% reduction). Tree-shaking can be disabled by providing the --no-tree-shake-icons flag when building your app.
#26 127.4 Font asset "CupertinoIcons.ttf" was tree-shaken, reducing it from 257628 to 1172 bytes (99.5% reduction). Tree-shaking can be disabled by providing the --no-tree-shake-icons flag when building your app.
#26 128.2 Compiling lib/main.dart for the Web...                            111.6s
#26 128.2 ✓ Built build/web
#26 DONE 128.2s

#19 [idmgmt_frontend stage-1 1/3] FROM docker.io/library/nginx:1.25-alpine
#19 CACHED

#27 [idmgmt_frontend stage-1 2/3] COPY --from=builder /app/build/web /usr/share/nginx/html/idmgmt
#27 DONE 0.2s

#28 [idmgmt_frontend stage-1 3/3] COPY nginx.conf /etc/nginx/conf.d/default.conf
#28 DONE 0.0s

#29 [idmgmt_frontend] exporting to image
#29 exporting layers 0.1s done
#29 writing image sha256:cfc763b01662f653408766a46a010b27c591f4e0766fa17a4f1f038f15f658fd
#29 writing image sha256:cfc763b01662f653408766a46a010b27c591f4e0766fa17a4f1f038f15f658fd done
#29 naming to docker.io/library/id_mgmt-idmgmt_frontend done
#29 DONE 0.1s

#30 [idmgmt_frontend] resolving provenance for metadata file
#30 DONE 0.0s
